TN:
SF:back-end\lib\calc-cart-item-total-price.ts
FN:3,(anonymous_0)
FN:4,(anonymous_1)
FNF:2
FNH:2
FNDA:3,(anonymous_0)
FNDA:3,(anonymous_1)
DA:3,1
DA:4,3
DA:6,3
LF:3
LH:3
BRF:0
BRH:0
end_of_record
TN:
SF:back-end\routes\products.ts
FN:7,(anonymous_1)
FN:56,(anonymous_2)
FN:79,(anonymous_3)
FN:134,(anonymous_4)
FNF:4
FNH:1
FNDA:2,(anonymous_1)
FNDA:0,(anonymous_2)
FNDA:0,(anonymous_3)
FNDA:0,(anonymous_4)
DA:1,1
DA:2,1
DA:4,1
DA:7,1
DA:8,2
DA:9,2
DA:11,1
DA:47,1
DA:48,1
DA:50,1
DA:51,1
DA:56,1
DA:57,0
DA:58,0
DA:60,0
DA:61,0
DA:64,0
DA:65,0
DA:69,0
DA:71,0
DA:73,0
DA:74,0
DA:79,1
DA:80,0
DA:81,0
DA:82,0
DA:84,0
DA:120,0
DA:122,0
DA:123,0
DA:126,0
DA:128,0
DA:129,0
DA:134,1
DA:135,0
DA:136,0
DA:138,0
DA:192,0
DA:193,0
DA:195,0
DA:196,0
DA:201,1
LF:42
LH:15
BRDA:60,0,0,0
BRDA:60,0,1,0
BRDA:60,1,0,0
BRDA:60,1,1,0
BRDA:122,2,0,0
BRDA:122,2,1,0
BRF:6
BRH:0
end_of_record
TN:
SF:src\components\cart-button\cart-button.tsx
FN:6,(anonymous_1)
FN:7,(anonymous_2)
FN:8,(anonymous_3)
FN:9,(anonymous_4)
FNF:4
FNH:4
FNDA:2,(anonymous_1)
FNDA:2,(anonymous_2)
FNDA:2,(anonymous_3)
FNDA:2,(anonymous_4)
DA:1,1
DA:2,1
DA:3,1
DA:4,1
DA:6,1
DA:7,2
DA:8,2
DA:9,2
DA:11,2
DA:34,1
LF:10
LH:10
BRDA:14,0,0,1
BRDA:14,0,1,1
BRDA:15,1,0,1
BRDA:15,1,1,1
BRF:4
BRH:4
end_of_record
